<?xml version="1.0" encoding="UTF-8"?>
<testng-results skipped="0" failed="0" ignored="0" total="1" passed="1">
  <reporter-output>
  </reporter-output>
  <suite name="Default suite" duration-ms="2137" started-at="2022-05-05T12:27:01 IST" finished-at="2022-05-05T12:27:03 IST">
    <groups>
    </groups>
    <test name="Default test" duration-ms="2137" started-at="2022-05-05T12:27:01 IST" finished-at="2022-05-05T12:27:03 IST">
      <class name="testng.Example3">
        <test-method status="PASS" signature="testCase3()[pri:0, instance:testng.Example3@59e5ddf]" name="testCase3" duration-ms="2024" started-at="2022-05-05T12:27:01 IST" finished-at="2022-05-05T12:27:03 IST">
          <reporter-output>
          </reporter-output>
        </test-method> <!-- testCase3 -->
      </class> <!-- testng.Example3 -->
    </test> <!-- Default test -->
  </suite> <!-- Default suite -->
</testng-results>
